2026-06-24 19:53:19:5319 [32minfo[39m: [32mMongoDB connected successfully[39m
2026-06-24 19:53:19:5319 [32minfo[39m: [32mServer running in development mode on port 5000[39m
2026-06-24 20:06:48:648 [32minfo[39m: [32mMongoDB connected successfully[39m
2026-06-24 20:06:48:648 [32minfo[39m: [32mServer running in development mode on port 5000[39m
2026-06-24 20:07:37:737 [32minfo[39m: [32mMongoDB connected successfully[39m
2026-06-24 20:07:37:737 [32minfo[39m: [32mServer running in development mode on port 5000[39m
2026-06-24 20:07:47:747 [32minfo[39m: [32mMongoDB connected successfully[39m
2026-06-24 20:07:47:747 [32minfo[39m: [32mServer running in development mode on port 5000[39m
2026-06-24 20:08:01:81 [32minfo[39m: [32mMongoDB connected successfully[39m
2026-06-24 20:08:01:81 [32minfo[39m: [32mServer running in development mode on port 5000[39m
2026-06-24 20:08:16:816 [32minfo[39m: [32mMongoDB connected successfully[39m
2026-06-24 20:08:16:816 [32minfo[39m: [32mServer running in development mode on port 5000[39m
2026-06-24 20:12:39:1239 [32minfo[39m: [32mMongoDB connected successfully[39m
2026-06-24 20:12:39:1239 [32minfo[39m: [32mServer running in development mode on port 5000[39m
2026-06-24 20:25:12:2512 [32minfo[39m: [32mMongoDB connected successfully[39m
2026-06-24 20:25:12:2512 [32minfo[39m: [32mServer running in development mode on port 5000[39m
2026-06-24 21:08:44:844 [32minfo[39m: [32mMongoDB connected successfully[39m
2026-06-24 21:08:44:844 [32minfo[39m: [32mServer running in development mode on port 5000[39m
2026-06-24 21:10:19:1019 [32minfo[39m: [32mGemini API Key missing, using heuristic fallback.[39m
2026-06-24 21:10:44:1044 [32minfo[39m: [32mGemini API Key missing, using heuristic fallback.[39m
2026-06-24 21:29:23:2923 [32minfo[39m: [32mMongoDB connected successfully[39m
2026-06-24 21:29:23:2923 [32minfo[39m: [32mServer running in development mode on port 5000[39m
2026-06-24 21:30:32:3032 [35mhttp[39m: [35m[0mGET /api/auth/me [36m304[0m 103.885 ms - -[0m[39m
2026-06-24 21:30:33:3033 [35mhttp[39m: [35m[0mGET /api/ai/weekly-plan [36m304[0m 13.119 ms - -[0m[39m
2026-06-24 21:30:33:3033 [35mhttp[39m: [35m[0mGET /api/revisions/heatmap [36m304[0m 31.772 ms - -[0m[39m
2026-06-24 21:30:33:3033 [35mhttp[39m: [35m[0mGET /api/ai/weekly-plan [36m304[0m 8.430 ms - -[0m[39m
2026-06-24 21:30:33:3033 [35mhttp[39m: [35m[0mGET /api/ai/recommendations [36m304[0m 41.865 ms - -[0m[39m
2026-06-24 21:30:33:3033 [35mhttp[39m: [35m[0mGET /api/revisions/heatmap [36m304[0m 6.186 ms - -[0m[39m
2026-06-24 21:30:33:3033 [35mhttp[39m: [35m[0mGET /api/revisions/stats [36m304[0m 54.700 ms - -[0m[39m
2026-06-24 21:30:33:3033 [35mhttp[39m: [35m[0mGET /api/ai/recommendations [36m304[0m 12.974 ms - -[0m[39m
2026-06-24 21:30:33:3033 [35mhttp[39m: [35m[0mGET /api/revisions/stats [36m304[0m 15.579 ms - -[0m[39m
2026-06-24 21:30:42:3042 [35mhttp[39m: [35m[0mGET /api/patterns [36m304[0m 116.313 ms - -[0m[39m
2026-06-24 21:30:42:3042 [35mhttp[39m: [35m[0mGET /api/patterns [36m304[0m 4.624 ms - -[0m[39m
2026-06-24 21:31:02:312 [35mhttp[39m: [35m[0mGET /api/patterns [36m304[0m 74.803 ms - -[0m[39m
2026-06-24 21:31:02:312 [35mhttp[39m: [35m[0mGET /api/patterns [36m304[0m 7.037 ms - -[0m[39m
2026-06-24 21:31:02:312 [35mhttp[39m: [35m[0mGET /api/questions [36m304[0m 18.656 ms - -[0m[39m
2026-06-24 21:31:02:312 [35mhttp[39m: [35m[0mGET /api/questions [36m304[0m 9.377 ms - -[0m[39m
2026-06-24 21:31:22:3122 [32minfo[39m: [32mGemini API Key missing, using heuristic fallback.[39m
2026-06-24 21:31:22:3122 [35mhttp[39m: [35m[0mPOST /api/ai/coach-chat [32m200[0m 48.972 ms - 527[0m[39m
2026-06-24 21:31:50:3150 [32minfo[39m: [32mGemini API Key missing, using heuristic fallback.[39m
2026-06-24 21:31:50:3150 [35mhttp[39m: [35m[0mPOST /api/ai/coach-chat [32m200[0m 5.870 ms - 553[0m[39m
2026-06-24 21:36:36:3636 [35mhttp[39m: [35m[0mGET /api/auth/me [32m200[0m 60.210 ms - 138[0m[39m
2026-06-24 21:36:37:3637 [35mhttp[39m: [35m[0mGET /api/ai/weekly-plan [32m200[0m 13.122 ms - 39[0m[39m
2026-06-24 21:36:37:3637 [35mhttp[39m: [35m[0mGET /api/revisions/heatmap [36m304[0m 30.827 ms - -[0m[39m
2026-06-24 21:36:37:3637 [35mhttp[39m: [35m[0mGET /api/ai/recommendations [36m304[0m 32.776 ms - -[0m[39m
2026-06-24 21:36:37:3637 [35mhttp[39m: [35m[0mGET /api/ai/weekly-plan [36m304[0m 8.354 ms - -[0m[39m
2026-06-24 21:36:37:3637 [35mhttp[39m: [35m[0mGET /api/revisions/heatmap [36m304[0m 10.802 ms - -[0m[39m
2026-06-24 21:36:37:3637 [35mhttp[39m: [35m[0mGET /api/revisions/stats [36m304[0m 54.103 ms - -[0m[39m
2026-06-24 21:36:37:3637 [35mhttp[39m: [35m[0mGET /api/ai/recommendations [36m304[0m 19.455 ms - -[0m[39m
2026-06-24 21:36:37:3637 [35mhttp[39m: [35m[0mGET /api/revisions/stats [36m304[0m 13.820 ms - -[0m[39m
2026-06-24 21:36:48:3648 [35mhttp[39m: [35m[0mGET /api/patterns [32m200[0m 106.094 ms - 43[0m[39m
2026-06-24 21:36:48:3648 [35mhttp[39m: [35m[0mGET /api/patterns [36m304[0m 6.745 ms - -[0m[39m
2026-06-24 21:37:12:3712 [35mhttp[39m: [35m[0mGET /api/patterns [36m304[0m 73.242 ms - -[0m[39m
2026-06-24 21:37:12:3712 [35mhttp[39m: [35m[0mGET /api/patterns [36m304[0m 4.142 ms - -[0m[39m
2026-06-24 21:37:12:3712 [35mhttp[39m: [35m[0mGET /api/questions [32m200[0m 14.565 ms - 54[0m[39m
2026-06-24 21:37:12:3712 [35mhttp[39m: [35m[0mGET /api/questions [36m304[0m 5.998 ms - -[0m[39m
2026-06-24 21:37:24:3724 [35mhttp[39m: [35m[0mGET /api/patterns [36m304[0m 96.891 ms - -[0m[39m
2026-06-24 21:37:25:3725 [35mhttp[39m: [35m[0mGET /api/patterns [36m304[0m 5.637 ms - -[0m[39m
2026-06-24 21:38:15:3815 [35mhttp[39m: [35m[0mPOST /api/patterns [32m201[0m 147.522 ms - 480[0m[39m
2026-06-24 21:38:15:3815 [35mhttp[39m: [35m[0mGET /api/patterns [32m200[0m 27.635 ms - 459[0m[39m
2026-06-24 21:38:40:3840 [35mhttp[39m: [35m[0mGET /api/ai/weekly-plan [36m304[0m 72.566 ms - -[0m[39m
2026-06-24 21:38:40:3840 [35mhttp[39m: [35m[0mGET /api/revisions/heatmap [36m304[0m 92.338 ms - -[0m[39m
2026-06-24 21:38:40:3840 [35mhttp[39m: [35m[0mGET /api/revisions/stats [36m304[0m 154.569 ms - -[0m[39m
2026-06-24 21:38:40:3840 [35mhttp[39m: [35m[0mGET /api/ai/recommendations [36m304[0m 101.678 ms - -[0m[39m
2026-06-24 21:38:40:3840 [35mhttp[39m: [35m[0mGET /api/ai/weekly-plan [36m304[0m 7.076 ms - -[0m[39m
2026-06-24 21:38:40:3840 [35mhttp[39m: [35m[0mGET /api/revisions/heatmap [36m304[0m 4.314 ms - -[0m[39m
2026-06-24 21:38:40:3840 [35mhttp[39m: [35m[0mGET /api/ai/recommendations [36m304[0m 8.568 ms - -[0m[39m
2026-06-24 21:38:40:3840 [35mhttp[39m: [35m[0mGET /api/revisions/stats [36m304[0m 12.746 ms - -[0m[39m
2026-06-24 21:39:03:393 [32minfo[39m: [32mGemini API Key missing, using heuristic fallback.[39m
2026-06-24 21:39:03:393 [35mhttp[39m: [35m[0mPOST /api/ai/generate-weekly-plan [32m200[0m 322.749 ms - 945[0m[39m
2026-06-24 21:39:46:3946 [35mhttp[39m: [35m[0mGET /api/patterns [36m304[0m 384.261 ms - -[0m[39m
2026-06-24 21:39:46:3946 [35mhttp[39m: [35m[0mGET /api/patterns [36m304[0m 183.798 ms - -[0m[39m
2026-06-24 21:39:46:3946 [35mhttp[39m: [35m[0mGET /api/questions [36m304[0m 71.293 ms - -[0m[39m
2026-06-24 21:39:47:3947 [35mhttp[39m: [35m[0mGET /api/questions [36m304[0m 23.206 ms - -[0m[39m
2026-06-24 21:41:47:4147 [35mhttp[39m: [35m[0mPOST /api/questions [32m201[0m 717.141 ms - 705[0m[39m
2026-06-24 21:41:49:4149 [35mhttp[39m: [35m[0mGET /api/patterns [32m200[0m 492.547 ms - 459[0m[39m
2026-06-24 21:41:49:4149 [35mhttp[39m: [35m[0mGET /api/questions [32m200[0m 400.419 ms - 1132[0m[39m
2026-06-24 21:56:52:5652 [32minfo[39m: [32mMongoDB connected successfully[39m
2026-06-24 21:56:52:5652 [32minfo[39m: [32mServer running in development mode on port 5000[39m
2026-06-24 23:00:20:020 [32minfo[39m: [32mMongoDB connected successfully[39m
2026-06-24 23:00:20:020 [32minfo[39m: [32mServer running in development mode on port 5000[39m
2026-06-24 23:08:51:851 [32minfo[39m: [32mMongoDB connected successfully[39m
2026-06-24 23:08:51:851 [32minfo[39m: [32mServer running in development mode on port 5000[39m
2026-06-25 07:58:07:587 [32minfo[39m: [32mMongoDB connected successfully[39m
2026-06-25 07:58:07:587 [32minfo[39m: [32mServer running in development mode on port 5000[39m
2026-06-25 08:02:26:226 [32minfo[39m: [32mMongoDB connected successfully[39m
2026-06-25 08:03:14:314 [35mhttp[39m: [35m[0mPOST /api/auth/google [32m200[0m 394.320 ms - 380[0m[39m
2026-06-25 08:09:37:937 [32minfo[39m: [32mMongoDB connected successfully[39m
2026-06-25 08:09:37:937 [32minfo[39m: [32mServer running in development mode on port 5000[39m
2026-06-25 08:10:27:1027 [35mhttp[39m: [35m[0mGET /api/auth/me [36m304[0m 133.689 ms - -[0m[39m
2026-06-25 08:10:31:1031 [35mhttp[39m: [35m[0mGET /api/ai/weekly-plan [32m200[0m 153.498 ms - 945[0m[39m
2026-06-25 08:10:31:1031 [35mhttp[39m: [35m[0mGET /api/revisions/heatmap [36m304[0m 188.718 ms - -[0m[39m
2026-06-25 08:10:31:1031 [35mhttp[39m: [35m[0mGET /api/revisions/stats [32m200[0m 279.158 ms - 195[0m[39m
2026-06-25 08:10:31:1031 [35mhttp[39m: [35m[0mGET /api/ai/recommendations [32m200[0m 235.987 ms - 524[0m[39m
2026-06-25 08:10:31:1031 [35mhttp[39m: [35m[0mGET /api/ai/weekly-plan [36m304[0m 44.393 ms - -[0m[39m
2026-06-25 08:10:31:1031 [35mhttp[39m: [35m[0mGET /api/revisions/heatmap [36m304[0m 24.455 ms - -[0m[39m
2026-06-25 08:10:31:1031 [35mhttp[39m: [35m[0mGET /api/ai/recommendations [36m304[0m 11.835 ms - -[0m[39m
2026-06-25 08:10:31:1031 [35mhttp[39m: [35m[0mGET /api/revisions/stats [36m304[0m 17.125 ms - -[0m[39m
2026-06-25 08:11:57:1157 [35mhttp[39m: [35m[0mPOST /api/auth/register [32m201[0m 743.795 ms - 378[0m[39m
2026-06-25 08:12:03:123 [35mhttp[39m: [35m[0mGET /api/revisions/heatmap [36m304[0m 386.188 ms - -[0m[39m
2026-06-25 08:12:03:123 [35mhttp[39m: [35m[0mGET /api/ai/weekly-plan [32m200[0m 375.884 ms - 39[0m[39m
2026-06-25 08:12:03:123 [35mhttp[39m: [35m[0mGET /api/revisions/heatmap [36m304[0m 364.893 ms - -[0m[39m
2026-06-25 08:12:04:124 [35mhttp[39m: [35m[0mGET /api/ai/weekly-plan [36m304[0m 547.614 ms - -[0m[39m
2026-06-25 08:12:04:124 [35mhttp[39m: [35m[0mGET /api/ai/recommendations [32m200[0m 1358.938 ms - 464[0m[39m
2026-06-25 08:12:05:125 [35mhttp[39m: [35m[0mGET /api/revisions/stats [32m200[0m 2350.663 ms - 99[0m[39m
2026-06-25 08:12:05:125 [35mhttp[39m: [35m[0mGET /api/ai/recommendations [36m304[0m 1242.240 ms - -[0m[39m
2026-06-25 08:12:07:127 [35mhttp[39m: [35m[0mGET /api/revisions/stats [36m304[0m 1563.951 ms - -[0m[39m
2026-06-25 08:12:54:1254 [35mhttp[39m: [35m[0mGET /api/patterns [32m200[0m 124.066 ms - 43[0m[39m
2026-06-25 08:12:54:1254 [35mhttp[39m: [35m[0mGET /api/patterns [36m304[0m 14.149 ms - -[0m[39m
2026-06-25 08:14:36:1436 [35mhttp[39m: [35m[0mPOST /api/patterns [32m201[0m 96.170 ms - 284[0m[39m
2026-06-25 08:14:36:1436 [35mhttp[39m: [35m[0mGET /api/patterns [32m200[0m 38.463 ms - 263[0m[39m
2026-06-25 08:15:46:1546 [35mhttp[39m: [35m[0mGET /api/patterns [36m304[0m 182.933 ms - -[0m[39m
2026-06-25 08:15:46:1546 [35mhttp[39m: [35m[0mGET /api/patterns [36m304[0m 22.832 ms - -[0m[39m
2026-06-25 08:15:46:1546 [35mhttp[39m: [35m[0mGET /api/questions [32m200[0m 67.213 ms - 54[0m[39m
2026-06-25 08:15:46:1546 [35mhttp[39m: [35m[0mGET /api/questions [36m304[0m 35.425 ms - -[0m[39m
2026-06-25 08:20:44:2044 [35mhttp[39m: [35m[0mPOST /api/questions [32m201[0m 105.869 ms - 527[0m[39m
2026-06-25 08:20:44:2044 [35mhttp[39m: [35m[0mGET /api/patterns [32m200[0m 42.736 ms - 263[0m[39m
2026-06-25 08:20:44:2044 [35mhttp[39m: [35m[0mGET /api/questions [32m200[0m 28.240 ms - 758[0m[39m
2026-06-25 08:27:48:2748 [35mhttp[39m: [35m[0mGET /api/patterns [36m304[0m 5319.744 ms - -[0m[39m
2026-06-25 08:27:51:2751 [35mhttp[39m: [35m[0mGET /api/questions [36m304[0m 175.855 ms - -[0m[39m
2026-06-25 09:22:36:2236 [32minfo[39m: [32mMongoDB connected successfully[39m
2026-06-25 09:22:36:2236 [32minfo[39m: [32mServer running in development mode on port 5000[39m
2026-06-25 09:39:10:3910 [31merror[39m: [31mError connecting to MongoDB: querySrv ENOTFOUND _mongodb._tcp.cluster0.mylmlas.mongodb.net[39m
2026-06-25 09:39:35:3935 [31merror[39m: [31mError connecting to MongoDB: querySrv ENOTFOUND _mongodb._tcp.cluster0.my1m1as.mongodb.net[39m
2026-06-25 09:40:09:409 [31merror[39m: [31mError connecting to MongoDB: bad auth : authentication failed[39m
2026-06-25 09:40:39:4039 [32minfo[39m: [32mMongoDB connected successfully[39m
2026-06-25 09:40:39:4039 [32minfo[39m: [32mServer running in development mode on port 5000[39m
2026-06-25 10:46:33:4633 [32minfo[39m: [32mMongoDB connected successfully[39m
2026-06-25 10:46:33:4633 [32minfo[39m: [32mServer running in development mode on port 5000[39m
2026-06-25 12:11:59:1159 [32minfo[39m: [32mMongoDB connected successfully[39m
2026-06-25 12:11:59:1159 [32minfo[39m: [32mServer running in development mode on port 5000[39m
2026-06-25 15:55:39:5539 [31merror[39m: [31mError connecting to MongoDB: Could not connect to any servers in your MongoDB Atlas cluster. One common reason is that you're trying to access the database from an IP that isn't whitelisted. Make sure your current IP address is on your Atlas cluster's IP whitelist: https://www.mongodb.com/docs/atlas/security-whitelist/[39m
